16:48:12.178 [main] DEBUG api.test.UserTests - debugging.....
16:48:12.209 [main] INFO  api.test.UserTests - ********** Creating user  ***************
16:48:16.557 [main] INFO  api.test.UserTests - **********User is created  ***************
16:48:16.571 [main] INFO  api.test.UserTests - ********** Reading User Info ***************
16:48:18.464 [main] INFO  api.test.UserTests - **********User info  is displayed ***************
16:48:18.481 [main] INFO  api.test.UserTests - ********** Updating User ***************
16:48:20.340 [main] INFO  api.test.UserTests - ********** User updated ***************
16:48:22.187 [main] INFO  api.test.UserTests - **********   Deleting User  ***************
16:48:23.755 [main] INFO  api.test.UserTests - ********** User deleted ***************
16:51:06.016 [main] DEBUG api.test.UserTests - debugging.....
16:51:06.034 [main] INFO  api.test.UserTests - ********** Creating user  ***************
16:51:10.440 [main] INFO  api.test.UserTests - **********User is created  ***************
16:51:10.471 [main] INFO  api.test.UserTests - ********** Reading User Info ***************
16:51:12.283 [main] INFO  api.test.UserTests - **********User info  is displayed ***************
16:51:12.298 [main] INFO  api.test.UserTests - ********** Updating User ***************
16:51:13.899 [main] INFO  api.test.UserTests - ********** User updated ***************
16:51:15.407 [main] INFO  api.test.UserTests - **********   Deleting User  ***************
16:51:17.185 [main] INFO  api.test.UserTests - ********** User deleted ***************
18:31:09.111 [main] DEBUG api.test.UserTests2 - debugging.....
18:31:09.129 [main] INFO  api.test.UserTests2 - ********** Creating user  ***************
18:31:13.955 [main] INFO  api.test.UserTests2 - **********User is creatged  ***************
18:31:14.031 [main] INFO  api.test.UserTests2 - ********** Reading User Info ***************
18:31:15.993 [main] INFO  api.test.UserTests2 - **********User info  is displayed ***************
18:31:16.004 [main] INFO  api.test.UserTests2 - ********** Updating User ***************
18:31:17.972 [main] INFO  api.test.UserTests2 - ********** User updated ***************
18:31:19.650 [main] INFO  api.test.UserTests2 - **********   Deleting User  ***************
18:31:21.570 [main] INFO  api.test.UserTests2 - ********** User deleted ***************
18:48:51.933 [main] DEBUG api.test.UserTests2 - debugging.....
18:48:51.948 [main] INFO  api.test.UserTests2 - ********** Creating user  ***************
18:48:56.787 [main] INFO  api.test.UserTests2 - **********User is creatged  ***************
18:48:56.811 [main] INFO  api.test.UserTests2 - ********** Reading User Info ***************
18:48:58.331 [main] INFO  api.test.UserTests2 - **********User info  is displayed ***************
18:48:58.334 [main] INFO  api.test.UserTests2 - ********** Updating User ***************
18:48:59.946 [main] INFO  api.test.UserTests2 - ********** User updated ***************
18:49:01.642 [main] INFO  api.test.UserTests2 - **********   Deleting User  ***************
18:49:03.555 [main] INFO  api.test.UserTests2 - ********** User deleted ***************
19:05:16.863 [main] DEBUG api.test.UserTests2 - debugging.....
19:05:16.880 [main] INFO  api.test.UserTests2 - ********** Creating user  ***************
19:05:21.836 [main] INFO  api.test.UserTests2 - **********User is creatged  ***************
19:05:21.860 [main] INFO  api.test.UserTests2 - ********** Reading User Info ***************
19:05:23.782 [main] INFO  api.test.UserTests2 - **********User info  is displayed ***************
19:05:23.787 [main] INFO  api.test.UserTests2 - ********** Updating User ***************
19:05:26.028 [main] INFO  api.test.UserTests2 - ********** User updated ***************
19:05:27.832 [main] INFO  api.test.UserTests2 - **********   Deleting User  ***************
19:05:29.478 [main] INFO  api.test.UserTests2 - ********** User deleted ***************
19:11:22.706 [main] DEBUG api.test.UserTests2 - debugging.....
19:11:22.720 [main] INFO  api.test.UserTests2 - ********** Creating user  ***************
19:11:26.872 [main] INFO  api.test.UserTests2 - **********User is creatged  ***************
19:11:26.894 [main] INFO  api.test.UserTests2 - ********** Reading User Info ***************
19:11:29.432 [main] INFO  api.test.UserTests2 - **********User info  is displayed ***************
19:11:29.435 [main] INFO  api.test.UserTests2 - ********** Updating User ***************
19:11:31.072 [main] INFO  api.test.UserTests2 - ********** User updated ***************
19:11:33.112 [main] INFO  api.test.UserTests2 - **********   Deleting User  ***************
19:11:35.143 [main] INFO  api.test.UserTests2 - ********** User deleted ***************
19:15:21.777 [main] DEBUG api.test.UserTests2 - debugging.....
19:15:21.793 [main] INFO  api.test.UserTests2 - ********** Creating user  ***************
19:15:26.721 [main] INFO  api.test.UserTests2 - **********User is creatged  ***************
19:15:26.811 [main] INFO  api.test.UserTests2 - ********** Reading User Info ***************
19:15:28.492 [main] INFO  api.test.UserTests2 - **********User info  is displayed ***************
19:15:28.494 [main] INFO  api.test.UserTests2 - ********** Updating User ***************
19:15:30.486 [main] INFO  api.test.UserTests2 - ********** User updated ***************
19:15:31.971 [main] INFO  api.test.UserTests2 - **********   Deleting User  ***************
19:15:33.573 [main] INFO  api.test.UserTests2 - ********** User deleted ***************
